<?xml version="1.0" encoding="UTF-8" ?>
<testsuite tests="3" failures="0" name="org.assignment1.web_automation.TestRunner" time="54.002" errors="0" skipped="0">
  <properties>
    <property name="idea.version" value="2022.2.3"/>
    <property name="java.runtime.name" value="OpenJDK Runtime Environment"/>
    <property name="sun.boot.library.path" value="/home/albert/.jdks/corretto-1.8.0_312/jre/lib/amd64"/>
    <property name="java.vm.version" value="25.312-b07"/>
    <property name="java.vm.vendor" value="Amazon.com Inc."/>
    <property name="maven.multiModuleProjectDirectory" value="/home/albert/Downloads/Assignment1"/>
    <property name="java.vendor.url" value="https://aws.amazon.com/corretto/"/>
    <property name="path.separator" value=":"/>
    <property name="guice.disable.misplaced.annotation.check" value="true"/>
    <property name="java.vm.name" value="OpenJDK 64-Bit Server VM"/>
    <property name="file.encoding.pkg" value="sun.io"/>
    <property name="user.country" value="US"/>
    <property name="sun.java.launcher" value="SUN_STANDARD"/>
    <property name="sun.os.patch.level" value="unknown"/>
    <property name="java.vm.specification.name" value="Java Virtual Machine Specification"/>
    <property name="user.dir" value="/home/albert/Downloads/Assignment1"/>
    <property name="java.runtime.version" value="1.8.0_312-b07"/>
    <property name="java.awt.graphicsenv" value="sun.awt.X11GraphicsEnvironment"/>
    <property name="java.endorsed.dirs" value="/home/albert/.jdks/corretto-1.8.0_312/jre/lib/endorsed"/>
    <property name="os.arch" value="amd64"/>
    <property name="java.io.tmpdir" value="/tmp"/>
    <property name="line.separator" value="
"/>
    <property name="java.vm.specification.vendor" value="Oracle Corporation"/>
    <property name="os.name" value="Linux"/>
    <property name="maven.ext.class.path" value="/media/albert/Data/ideaIU-2022.2.3/idea-IU-222.4345.14/plugins/maven/lib/maven-event-listener.jar"/>
    <property name="classworlds.conf" value="/media/albert/Data/ideaIU-2022.2.3/idea-IU-222.4345.14/plugins/maven/lib/maven3/bin/m2.conf"/>
    <property name="sun.jnu.encoding" value="UTF-8"/>
    <property name="java.library.path" value="/usr/lib/cuda/include:/usr/lib/cuda/lib64:/usr/lib/cuda/include:/usr/lib/cuda/lib64:/usr/lib/cuda/include:/usr/lib/cuda/lib64:/usr/lib/cuda/include:/usr/lib/cuda/lib64:/usr/lib/cuda/include:/usr/lib/cuda/lib64:/usr/lib/cuda/include:/usr/lib/cuda/lib64:/usr/lib/cuda/include:/usr/lib/cuda/lib64::/usr/java/packages/lib/amd64:/usr/lib64:/lib64:/lib:/usr/lib"/>
    <property name="maven.conf" value="/media/albert/Data/ideaIU-2022.2.3/idea-IU-222.4345.14/plugins/maven/lib/maven3/conf"/>
    <property name="java.specification.name" value="Java Platform API Specification"/>
    <property name="java.class.version" value="52.0"/>
    <property name="sun.management.compiler" value="HotSpot 64-Bit Tiered Compilers"/>
    <property name="os.version" value="5.15.0-52-generic"/>
    <property name="user.home" value="/home/albert"/>
    <property name="user.timezone" value="Europe/Moscow"/>
    <property name="java.awt.printerjob" value="sun.print.PSPrinterJob"/>
    <property name="java.specification.version" value="1.8"/>
    <property name="file.encoding" value="UTF-8"/>
    <property name="user.name" value="albert"/>
    <property name="java.class.path" value="/media/albert/Data/ideaIU-2022.2.3/idea-IU-222.4345.14/plugins/maven/lib/maven3/boot/plexus-classworlds-2.6.0.jar:/media/albert/Data/ideaIU-2022.2.3/idea-IU-222.4345.14/plugins/maven/lib/maven3/boot/plexus-classworlds.license"/>
    <property name="java.vm.specification.version" value="1.8"/>
    <property name="sun.arch.data.model" value="64"/>
    <property name="java.home" value="/home/albert/.jdks/corretto-1.8.0_312/jre"/>
    <property name="sun.java.command" value="org.codehaus.classworlds.Launcher -Didea.version=2022.2.3 install --non-recursive"/>
    <property name="java.specification.vendor" value="Oracle Corporation"/>
    <property name="user.language" value="en"/>
    <property name="awt.toolkit" value="sun.awt.X11.XToolkit"/>
    <property name="java.vm.info" value="mixed mode"/>
    <property name="java.version" value="1.8.0_312"/>
    <property name="java.ext.dirs" value="/home/albert/.jdks/corretto-1.8.0_312/jre/lib/ext:/usr/java/packages/lib/ext"/>
    <property name="securerandom.source" value="file:/dev/./urandom"/>
    <property name="sun.boot.class.path" value="/home/albert/.jdks/corretto-1.8.0_312/jre/lib/resources.jar:/home/albert/.jdks/corretto-1.8.0_312/jre/lib/rt.jar:/home/albert/.jdks/corretto-1.8.0_312/jre/lib/sunrsasign.jar:/home/albert/.jdks/corretto-1.8.0_312/jre/lib/jsse.jar:/home/albert/.jdks/corretto-1.8.0_312/jre/lib/jce.jar:/home/albert/.jdks/corretto-1.8.0_312/jre/lib/charsets.jar:/home/albert/.jdks/corretto-1.8.0_312/jre/lib/jfr.jar:/home/albert/.jdks/corretto-1.8.0_312/jre/classes"/>
    <property name="java.vendor" value="Amazon.com Inc."/>
    <property name="maven.home" value="/media/albert/Data/ideaIU-2022.2.3/idea-IU-222.4345.14/plugins/maven/lib/maven3"/>
    <property name="file.separator" value="/"/>
    <property name="java.vendor.url.bug" value="https://github.com/corretto/corretto-8/issues/"/>
    <property name="sun.cpu.endian" value="little"/>
    <property name="sun.io.unicode.encoding" value="UnicodeLittle"/>
    <property name="sun.desktop" value="gnome"/>
    <property name="sun.cpu.isalist" value=""/>
  </properties>
  <testcase classname="Simple marketalertum tests" name="Alert layout" time="21.152"/>
  <testcase classname="Simple marketalertum tests" name="Alert limit" time="23.34"/>
  <testcase classname="Simple marketalertum tests" name="Icon check" time="9.51"/>
</testsuite>